c:\users\user\desktop\ilia\1cgetimagefragment\1cgetimagefragment\trunk\1cgetimagefragment\debug\1cgetimagefragmentaddin.pch
c:\users\user\desktop\ilia\1cgetimagefragment\1cgetimagefragment\trunk\1cgetimagefragment\debug\vc143.pdb
c:\users\user\desktop\ilia\1cgetimagefragment\1cgetimagefragment\trunk\1cgetimagefragment\debug\vc143.idb
c:\users\user\desktop\ilia\1cgetimagefragment\1cgetimagefragment\trunk\1cgetimagefragment\debug\stdafx.obj
c:\users\user\desktop\ilia\1cgetimagefragment\1cgetimagefragment\trunk\1cgetimagefragment\debug\1cgetimagefragment.obj
c:\users\user\desktop\ilia\1cgetimagefragment\1cgetimagefragment\trunk\1cgetimagefragment\debug\dllmain.obj
c:\users\user\desktop\ilia\1cgetimagefragment\1cgetimagefragment\trunk\1cgetimagefragment\debug\1cgetimagefragmentaddin.ilk
c:\users\user\desktop\ilia\1cgetimagefragment\1cgetimagefragment\trunk\1cgetimagefragment\debug\1cgetimagefragmentaddin.dll
c:\users\user\desktop\ilia\1cgetimagefragment\1cgetimagefragment\trunk\1cgetimagefragment\debug\1cgetimagefragmentaddin.pdb
c:\users\user\desktop\ilia\1cgetimagefragment\1cgetimagefragment\trunk\1cgetimagefragment\debug\1cgetimagefragmentaddin.lib
c:\users\user\desktop\ilia\1cgetimagefragment\1cgetimagefragment\trunk\1cgetimagefragment\debug\1cgetimagefragmentaddin.exp
c:\users\user\desktop\ilia\1cgetimagefragment\1cgetimagefragment\trunk\1cgetimagefragment\debug\1cgetimagefragment.res
c:\users\user\desktop\ilia\1cgetimagefragment\1cgetimagefragment\trunk\1cgetimagefragment\debug\1cgetima.55890df2.tlog\cl.command.1.tlog
c:\users\user\desktop\ilia\1cgetimagefragment\1cgetimagefragment\trunk\1cgetimagefragment\debug\1cgetima.55890df2.tlog\cl.items.tlog
c:\users\user\desktop\ilia\1cgetimagefragment\1cgetimagefragment\trunk\1cgetimagefragment\debug\1cgetima.55890df2.tlog\cl.read.1.tlog
c:\users\user\desktop\ilia\1cgetimagefragment\1cgetimagefragment\trunk\1cgetimagefragment\debug\1cgetima.55890df2.tlog\cl.write.1.tlog
c:\users\user\desktop\ilia\1cgetimagefragment\1cgetimagefragment\trunk\1cgetimagefragment\debug\1cgetima.55890df2.tlog\link.command.1.tlog
c:\users\user\desktop\ilia\1cgetimagefragment\1cgetimagefragment\trunk\1cgetimagefragment\debug\1cgetima.55890df2.tlog\link.read.1.tlog
c:\users\user\desktop\ilia\1cgetimagefragment\1cgetimagefragment\trunk\1cgetimagefragment\debug\1cgetima.55890df2.tlog\link.write.1.tlog
c:\users\user\desktop\ilia\1cgetimagefragment\1cgetimagefragment\trunk\1cgetimagefragment\debug\1cgetima.55890df2.tlog\link.write.2u.tlog
c:\users\user\desktop\ilia\1cgetimagefragment\1cgetimagefragment\trunk\1cgetimagefragment\debug\1cgetima.55890df2.tlog\rc.command.1.tlog
c:\users\user\desktop\ilia\1cgetimagefragment\1cgetimagefragment\trunk\1cgetimagefragment\debug\1cgetima.55890df2.tlog\rc.read.1.tlog
c:\users\user\desktop\ilia\1cgetimagefragment\1cgetimagefragment\trunk\1cgetimagefragment\debug\1cgetima.55890df2.tlog\rc.write.1.tlog
